********************************************************************************
*                   Wednesday, September 13, 2017 9:58:08 AM                   *
********************************************************************************
CSharpCompilerWrapper.exe version: 2.0.3.30
Platform: Windows
Target assembly: Assembly-CSharp-firstpass.dll
Project directory: C:\Users\evan-erdos\Developer\bomb-squad-workshop
Target profile directory: C:\Program Files\Unity\Editor\Data\Mono\lib\mono\unity
Unity 'Data' or 'Frameworks' directory: C:/Program Files/Unity/Editor/Data
Compiler: Microsoft C# 7.0

- Compilation -----------------------------------------------

Process: C:\Users\evan-erdos\Developer\bomb-squad-workshop\CSharp70Support\Roslyn\csc.exe
Arguments: -nostdlib+ -noconfig -nologo -r:"C:\Program Files\Unity\Editor\Data\Mono\lib\mono\unity\mscorlib.dll" -r:"C:\Program Files\Unity\Editor\Data\Mono\lib\mono\unity\System.dll" -r:"C:\Program Files\Unity\Editor\Data\Mono\lib\mono\unity\System.Core.dll" -r:"C:\Program Files\Unity\Editor\Data\Mono\lib\mono\unity\System.Xml.dll" @Temp/UnityTempFile-bf245f7824b80ad47957898b21e810dc 
Exit code: 0
Elapsed time: 2.95 sec

- Compiler output (0 lines):

- Compiler errors (0 lines):

- PDB to MDB conversion --------------------------------------

Process: C:\Users\evan-erdos\Developer\bomb-squad-workshop\CSharp70Support\Roslyn\pdb2mdb.exe
Arguments: Temp\Assembly-CSharp-firstpass.dll
Exit code: 0
Elapsed time: 0.14 sec

- pdb2mdb.exe output (0 lines):
********************************************************************************
*                   Wednesday, September 13, 2017 9:58:11 AM                   *
********************************************************************************
CSharpCompilerWrapper.exe version: 2.0.3.30
Platform: Windows
Target assembly: Assembly-CSharp.dll
Project directory: C:\Users\evan-erdos\Developer\bomb-squad-workshop
Target profile directory: C:\Program Files\Unity\Editor\Data\Mono\lib\mono\unity
Unity 'Data' or 'Frameworks' directory: C:/Program Files/Unity/Editor/Data
Compiler: Microsoft C# 7.0

- Compilation -----------------------------------------------

Process: C:\Users\evan-erdos\Developer\bomb-squad-workshop\CSharp70Support\Roslyn\csc.exe
Arguments: -nostdlib+ -noconfig -nologo -r:"C:\Program Files\Unity\Editor\Data\Mono\lib\mono\unity\mscorlib.dll" -r:"C:\Program Files\Unity\Editor\Data\Mono\lib\mono\unity\System.dll" -r:"C:\Program Files\Unity\Editor\Data\Mono\lib\mono\unity\System.Core.dll" -r:"C:\Program Files\Unity\Editor\Data\Mono\lib\mono\unity\System.Xml.dll" @Temp/UnityTempFile-0a46ab6e5d546e24a8e2c7cf96c6a31e 
Exit code: 0
Elapsed time: 3.18 sec

- Compiler output (0 lines):

- Compiler errors (0 lines):

- PDB to MDB conversion --------------------------------------

Process: C:\Users\evan-erdos\Developer\bomb-squad-workshop\CSharp70Support\Roslyn\pdb2mdb.exe
Arguments: Temp\Assembly-CSharp.dll
Exit code: 0
Elapsed time: 0.14 sec

- pdb2mdb.exe output (0 lines):
********************************************************************************
*                   Wednesday, September 13, 2017 9:58:11 AM                   *
********************************************************************************
CSharpCompilerWrapper.exe version: 2.0.3.30
Platform: Windows
Target assembly: Assembly-CSharp-Editor-firstpass.dll
Project directory: C:\Users\evan-erdos\Developer\bomb-squad-workshop
Target profile directory: C:\Program Files\Unity\Editor\Data\MonoBleedingEdge\lib\mono\2.0-api
Unity 'Data' or 'Frameworks' directory: C:/Program Files/Unity/Editor/Data
Compiler: Microsoft C# 7.0

- Compilation -----------------------------------------------

Process: C:\Users\evan-erdos\Developer\bomb-squad-workshop\CSharp70Support\Roslyn\csc.exe
Arguments: -nostdlib+ -noconfig -nologo -r:"C:\Program Files\Unity\Editor\Data\MonoBleedingEdge\lib\mono\2.0-api\mscorlib.dll" -r:"C:\Program Files\Unity\Editor\Data\MonoBleedingEdge\lib\mono\2.0-api\System.dll" -r:"C:\Program Files\Unity\Editor\Data\MonoBleedingEdge\lib\mono\2.0-api\System.Core.dll" -r:"C:\Program Files\Unity\Editor\Data\MonoBleedingEdge\lib\mono\2.0-api\System.Xml.dll" @Temp/UnityTempFile-4d00c4a51eb4ed947bebd33e86bf6a67 
Exit code: 0
Elapsed time: 2.74 sec

- Compiler output (0 lines):

- Compiler errors (0 lines):

- PDB to MDB conversion --------------------------------------

Process: C:\Users\evan-erdos\Developer\bomb-squad-workshop\CSharp70Support\Roslyn\pdb2mdb.exe
Arguments: Temp\Assembly-CSharp-Editor-firstpass.dll
Exit code: 0
Elapsed time: 0.09 sec

- pdb2mdb.exe output (0 lines):
********************************************************************************
*                   Wednesday, September 13, 2017 9:58:15 AM                   *
********************************************************************************
CSharpCompilerWrapper.exe version: 2.0.3.30
Platform: Windows
Target assembly: Assembly-CSharp-Editor.dll
Project directory: C:\Users\evan-erdos\Developer\bomb-squad-workshop
Target profile directory: C:\Program Files\Unity\Editor\Data\MonoBleedingEdge\lib\mono\2.0-api
Unity 'Data' or 'Frameworks' directory: C:/Program Files/Unity/Editor/Data
Compiler: Microsoft C# 7.0

- Compilation -----------------------------------------------

Process: C:\Users\evan-erdos\Developer\bomb-squad-workshop\CSharp70Support\Roslyn\csc.exe
Arguments: -nostdlib+ -noconfig -nologo -r:"C:\Program Files\Unity\Editor\Data\MonoBleedingEdge\lib\mono\2.0-api\mscorlib.dll" -r:"C:\Program Files\Unity\Editor\Data\MonoBleedingEdge\lib\mono\2.0-api\System.dll" -r:"C:\Program Files\Unity\Editor\Data\MonoBleedingEdge\lib\mono\2.0-api\System.Core.dll" -r:"C:\Program Files\Unity\Editor\Data\MonoBleedingEdge\lib\mono\2.0-api\System.Xml.dll" @Temp/UnityTempFile-fbd20934586811e41abc9487ebad4245 
Exit code: 0
Elapsed time: 2.77 sec

- Compiler output (0 lines):

- Compiler errors (0 lines):

- PDB to MDB conversion --------------------------------------

Process: C:\Users\evan-erdos\Developer\bomb-squad-workshop\CSharp70Support\Roslyn\pdb2mdb.exe
Arguments: Temp\Assembly-CSharp-Editor.dll
Exit code: 0
Elapsed time: 0.12 sec

- pdb2mdb.exe output (0 lines):
